<?xml version="1.0" encoding="UTF-8"?>
<coverage generated="1559077205431" clover="3.2.0">
  <project timestamp="1559077205431" name="All files">
    <metrics statements="6" coveredstatements="1" conditionals="0" coveredconditionals="0" methods="1" coveredmethods="0" elements="7" coveredelements="1" complexity="0" loc="6" ncloc="6" packages="1" files="1" classes="1"/>
    <file name="Node.js" path="/Users/Spencer/Documents/code/DSA/Node/Node.js">
      <metrics statements="6" coveredstatements="1" conditionals="0" coveredconditionals="0" methods="1" coveredmethods="0"/>
      <line num="3" count="1" type="stmt"/>
      <line num="5" count="0" type="stmt"/>
      <line num="6" count="0" type="stmt"/>
      <line num="7" count="0" type="stmt"/>
      <line num="8" count="0" type="stmt"/>
      <line num="9" count="0" type="stmt"/>
    </file>
  </project>
</coverage>
